\BOOKMARK [1][-]{section.1}{Introduction}{}% 1
\BOOKMARK [1][-]{section.2}{Background\040of\040Felony\040Disenfranchisement\040in\040the\040United\040States}{}% 2
\BOOKMARK [1][-]{section.3}{Academic\040Literature\040and\040Felony\040Disenfranchisement}{}% 3
\BOOKMARK [1][-]{section.4}{What\040This\040Paper\040Examines}{}% 4
\BOOKMARK [2][-]{section*.2}{Framing\040for\040Turnout\040Effects}{section.4}% 5
\BOOKMARK [3][-]{section*.3}{Theoretical\040Implications\040for\040Reduced\040Turnout}{section*.2}% 6
\BOOKMARK [2][-]{section*.4}{Turnout\040Among\040Formerly\040Disenfranchised\040Individuals}{section.4}% 7
\BOOKMARK [1][-]{section.5}{Data}{}% 8
\BOOKMARK [2][-]{section*.5}{Criminal\040Justice\040Data}{section.5}% 9
\BOOKMARK [2][-]{section*.6}{Voter\040File\040Data}{section.5}% 10
\BOOKMARK [2][-]{section*.7}{Geocoding}{section.5}% 11
\BOOKMARK [2][-]{section*.8}{Matching}{section.5}% 12
\BOOKMARK [1][-]{section.6}{Effects\040of\040Felony\040Disenfranchisement\040on\040Neighborhood\040Turnout\040Levels}{}% 13
\BOOKMARK [2][-]{section*.9}{Identification\040of\040Lost\040Voters}{section.6}% 14
\BOOKMARK [2][-]{section*.10}{Testing\040for\040Neighborhood\040Turnout\040Effects}{section.6}% 15
\BOOKMARK [3][-]{section*.11}{Match\040Output}{section*.10}% 16
\BOOKMARK [3][-]{section*.12}{Testing\040Intensity\040Effects}{section*.10}% 17
\BOOKMARK [2][-]{section*.13}{Discussion}{section.6}% 18
\BOOKMARK [1][-]{section.7}{Executive\040Order\040181\040and\040Turnout\040in\0402018}{}% 19
\BOOKMARK [2][-]{section*.14}{Identifying\040Parolees\040Whose\040Rights\040Were\040Restored}{section.7}% 20
\BOOKMARK [2][-]{section*.15}{Trends\040in\040Turnout}{section.7}% 21
\BOOKMARK [2][-]{section*.16}{Individual-Level\040Turnout\040Regressions}{section.7}% 22
\BOOKMARK [2][-]{section*.17}{Instrumental\040Variables\040Approach}{section.7}% 23
\BOOKMARK [3][-]{section*.18}{Racial\040Variation}{section*.17}% 24
\BOOKMARK [3][-]{section*.19}{Variable\040Treatment\040Intensity}{section*.17}% 25
\BOOKMARK [2][-]{section*.20}{Discussion}{section.7}% 26
\BOOKMARK [1][-]{section.8}{Conclusion}{}% 27
\BOOKMARK [1][-]{section*.21}{References}{}% 28
\BOOKMARK [1][-]{section*.22}{Appendix\040A}{}% 29
